mode: atomic
safepaw/gateway/config/config.go:58.30,62.16 3 8
safepaw/gateway/config/config.go:62.16,64.3 1 0
safepaw/gateway/config/config.go:65.2,65.56 1 8
safepaw/gateway/config/config.go:65.56,67.3 1 1
safepaw/gateway/config/config.go:69.2,107.41 3 7
safepaw/gateway/config/config.go:107.41,109.3 1 1
safepaw/gateway/config/config.go:110.2,110.22 1 6
safepaw/gateway/config/config.go:110.22,112.3 1 1
safepaw/gateway/config/config.go:115.2,115.20 1 6
safepaw/gateway/config/config.go:115.20,116.52 1 1
safepaw/gateway/config/config.go:116.52,118.4 1 0
safepaw/gateway/config/config.go:122.2,123.22 2 6
safepaw/gateway/config/config.go:123.22,126.3 2 1
safepaw/gateway/config/config.go:128.2,128.17 1 6
safepaw/gateway/config/config.go:133.42,134.38 1 45
safepaw/gateway/config/config.go:134.38,136.3 1 7
safepaw/gateway/config/config.go:137.2,137.17 1 38
safepaw/gateway/config/config.go:140.43,141.38 1 72
safepaw/gateway/config/config.go:141.38,142.46 1 4
safepaw/gateway/config/config.go:142.46,144.4 1 4
safepaw/gateway/config/config.go:146.2,146.17 1 68
safepaw/gateway/config/config.go:149.43,151.43 2 3
safepaw/gateway/config/config.go:151.43,153.20 2 6
safepaw/gateway/config/config.go:153.20,155.4 1 5
safepaw/gateway/config/config.go:157.2,157.15 1 3
safepaw/gateway/config/config.go:161.42,163.6 2 3
safepaw/gateway/config/config.go:163.6,165.14 2 6
safepaw/gateway/config/config.go:165.14,167.9 2 3
safepaw/gateway/config/config.go:169.3,170.23 2 3
safepaw/gateway/config/config.go:172.2,172.14 1 3
safepaw/gateway/config/config.go:175.33,176.40 1 6
safepaw/gateway/config/config.go:176.40,177.29 1 65
safepaw/gateway/config/config.go:177.29,179.4 1 3
safepaw/gateway/config/config.go:181.2,181.11 1 3
safepaw/gateway/config/config.go:184.33,186.102 2 6
safepaw/gateway/config/config.go:186.102,188.3 1 5
safepaw/gateway/config/config.go:189.2,190.99 2 6
safepaw/gateway/config/config.go:190.99,192.3 1 4
safepaw/gateway/config/config.go:193.2,193.21 1 6
safepaw/gateway/main.go:40.13,41.36 1 0
safepaw/gateway/main.go:41.36,43.3 1 0
safepaw/gateway/main.go:43.8,45.3 1 0
safepaw/gateway/main.go:46.2,52.16 3 0
safepaw/gateway/main.go:52.16,54.3 1 0
safepaw/gateway/main.go:55.2,62.37 2 0
safepaw/gateway/main.go:62.37,68.65 4 0
safepaw/gateway/main.go:68.65,70.5 1 0
safepaw/gateway/main.go:73.4,76.114 2 0
safepaw/gateway/main.go:78.73,86.4 4 0
safepaw/gateway/main.go:94.2,110.73 8 0
safepaw/gateway/main.go:110.73,126.17 7 0
safepaw/gateway/main.go:126.17,130.4 3 0
safepaw/gateway/main.go:130.9,132.40 2 0
safepaw/gateway/main.go:132.40,134.5 1 0
safepaw/gateway/main.go:134.10,138.5 3 0
safepaw/gateway/main.go:141.3,142.36 2 0
safepaw/gateway/main.go:148.2,149.80 2 0
safepaw/gateway/main.go:149.80,150.28 1 0
safepaw/gateway/main.go:150.28,153.4 2 0
safepaw/gateway/main.go:154.3,154.97 1 0
safepaw/gateway/main.go:159.2,162.21 2 0
safepaw/gateway/main.go:162.21,164.17 2 0
safepaw/gateway/main.go:164.17,166.4 1 0
safepaw/gateway/main.go:168.3,169.26 2 0
safepaw/gateway/main.go:169.26,172.4 2 0
safepaw/gateway/main.go:174.3,179.66 3 0
safepaw/gateway/main.go:179.66,180.27 1 0
safepaw/gateway/main.go:180.27,183.6 2 0
safepaw/gateway/main.go:184.5,188.109 2 0
safepaw/gateway/main.go:188.109,193.6 4 0
safepaw/gateway/main.go:194.5,200.7 3 0
safepaw/gateway/main.go:203.3,205.94 2 0
safepaw/gateway/main.go:206.8,213.3 6 0
safepaw/gateway/main.go:215.2,234.12 8 0
safepaw/gateway/main.go:234.12,235.21 1 0
safepaw/gateway/main.go:235.21,253.115 4 0
safepaw/gateway/main.go:253.115,255.5 1 0
safepaw/gateway/main.go:256.9,262.81 6 0
safepaw/gateway/main.go:262.81,264.5 1 0
safepaw/gateway/main.go:271.2,280.53 8 0
safepaw/gateway/main.go:280.53,282.3 1 0
safepaw/gateway/main.go:284.2,285.53 1 0
safepaw/gateway/main.go:294.65,295.71 1 0
safepaw/gateway/main.go:295.71,297.69 1 0
safepaw/gateway/main.go:297.69,300.4 2 0
safepaw/gateway/main.go:303.3,304.82 2 0
safepaw/gateway/main.go:304.82,307.4 2 0
safepaw/gateway/main.go:310.3,310.20 1 0
safepaw/gateway/main.go:310.20,313.4 2 0
safepaw/gateway/main.go:315.3,317.17 3 0
safepaw/gateway/main.go:317.17,321.4 3 0
safepaw/gateway/main.go:324.3,330.33 5 0
safepaw/gateway/main.go:330.33,333.4 1 0
safepaw/gateway/main.go:336.3,337.24 2 0
safepaw/gateway/main.go:337.24,339.4 1 0
safepaw/gateway/main.go:341.3,341.23 1 0
safepaw/gateway/main.go:346.45,349.9 3 0
safepaw/gateway/main.go:350.24,351.19 1 0
safepaw/gateway/main.go:352.26,353.21 1 0
safepaw/gateway/main.go:355.2,355.14 1 0
safepaw/gateway/ws_proxy.go:39.47,42.2 1 8
safepaw/gateway/ws_proxy.go:45.48,46.47 1 8
safepaw/gateway/ws_proxy.go:46.47,47.53 1 10
safepaw/gateway/ws_proxy.go:47.53,49.4 1 5
safepaw/gateway/ws_proxy.go:51.2,51.14 1 3
safepaw/gateway/ws_proxy.go:57.44,58.71 1 0
safepaw/gateway/ws_proxy.go:58.71,61.42 2 0
safepaw/gateway/ws_proxy.go:61.42,62.58 1 0
safepaw/gateway/ws_proxy.go:62.58,64.5 1 0
safepaw/gateway/ws_proxy.go:64.10,66.5 1 0
safepaw/gateway/ws_proxy.go:69.3,74.17 3 0
safepaw/gateway/ws_proxy.go:74.17,78.4 3 0
safepaw/gateway/ws_proxy.go:79.3,83.10 3 0
safepaw/gateway/ws_proxy.go:83.10,87.4 3 0
safepaw/gateway/ws_proxy.go:89.3,90.17 2 0
safepaw/gateway/ws_proxy.go:90.17,93.4 2 0
safepaw/gateway/ws_proxy.go:94.3,101.57 5 0
safepaw/gateway/ws_proxy.go:101.57,103.4 1 0
safepaw/gateway/ws_proxy.go:106.3,106.46 1 0
safepaw/gateway/ws_proxy.go:106.46,109.4 2 0
safepaw/gateway/ws_proxy.go:112.3,112.38 1 0
safepaw/gateway/ws_proxy.go:112.38,114.54 2 0
safepaw/gateway/ws_proxy.go:114.54,115.58 1 0
safepaw/gateway/ws_proxy.go:115.58,118.6 2 0
safepaw/gateway/ws_proxy.go:122.3,130.13 4 0
safepaw/gateway/ws_proxy.go:130.13,133.69 3 0
safepaw/gateway/ws_proxy.go:133.69,135.5 1 0
safepaw/gateway/ws_proxy.go:136.4,136.22 1 0
safepaw/gateway/ws_proxy.go:140.3,140.13 1 0
safepaw/gateway/ws_proxy.go:140.13,142.73 2 0
safepaw/gateway/ws_proxy.go:142.73,144.5 1 0
safepaw/gateway/ws_proxy.go:145.4,145.22 1 0
safepaw/gateway/ws_proxy.go:149.3,151.133 2 0
safepaw/gateway/tools/tokengen/main.go:29.13,36.16 5 0
safepaw/gateway/tools/tokengen/main.go:36.16,40.3 3 0
safepaw/gateway/tools/tokengen/main.go:43.2,44.18 2 0
safepaw/gateway/tools/tokengen/main.go:44.18,48.3 3 0
safepaw/gateway/tools/tokengen/main.go:51.2,52.16 2 0
safepaw/gateway/tools/tokengen/main.go:52.16,55.17 2 0
safepaw/gateway/tools/tokengen/main.go:55.17,57.4 1 0
safepaw/gateway/tools/tokengen/main.go:61.2,66.16 2 0
safepaw/gateway/tools/tokengen/main.go:66.16,68.3 1 0
safepaw/gateway/tools/tokengen/main.go:71.2,72.16 2 0
safepaw/gateway/tools/tokengen/main.go:72.16,74.3 1 0
safepaw/gateway/tools/tokengen/main.go:77.2,78.16 2 0
safepaw/gateway/tools/tokengen/main.go:78.16,80.3 1 0
safepaw/gateway/tools/tokengen/main.go:83.2,95.20 11 0
safepaw/gateway/tools/tokengen/main.go:99.56,100.16 1 0
safepaw/gateway/tools/tokengen/main.go:100.16,102.3 1 0
safepaw/gateway/tools/tokengen/main.go:103.2,103.24 1 0
safepaw/gateway/tools/tokengen/main.go:103.24,105.33 2 0
safepaw/gateway/tools/tokengen/main.go:105.33,106.32 1 0
safepaw/gateway/tools/tokengen/main.go:106.32,108.5 1 0
safepaw/gateway/tools/tokengen/main.go:109.4,109.34 1 0
safepaw/gateway/tools/tokengen/main.go:111.3,111.51 1 0
safepaw/gateway/tools/tokengen/main.go:113.2,113.99 1 0
safepaw/gateway/middleware/auth.go:68.41,70.2 1 2
safepaw/gateway/middleware/auth.go:73.53,75.19 2 9
safepaw/gateway/middleware/auth.go:75.19,77.3 1 1
safepaw/gateway/middleware/auth.go:78.2,78.47 1 8
safepaw/gateway/middleware/auth.go:96.96,97.22 1 34
safepaw/gateway/middleware/auth.go:97.22,99.3 1 1
safepaw/gateway/middleware/auth.go:101.2,101.21 1 33
safepaw/gateway/middleware/auth.go:101.21,103.3 1 0
safepaw/gateway/middleware/auth.go:104.2,104.17 1 33
safepaw/gateway/middleware/auth.go:104.17,106.3 1 0
safepaw/gateway/middleware/auth.go:108.2,113.8 1 33
safepaw/gateway/middleware/auth.go:122.100,124.2 1 22
safepaw/gateway/middleware/auth.go:127.126,128.19 1 24
safepaw/gateway/middleware/auth.go:128.19,130.3 1 2
safepaw/gateway/middleware/auth.go:131.2,131.17 1 22
safepaw/gateway/middleware/auth.go:131.17,133.3 1 1
safepaw/gateway/middleware/auth.go:134.2,134.20 1 22
safepaw/gateway/middleware/auth.go:134.20,136.3 1 1
safepaw/gateway/middleware/auth.go:138.2,149.16 4 21
safepaw/gateway/middleware/auth.go:149.16,151.3 1 0
safepaw/gateway/middleware/auth.go:154.2,161.39 4 21
safepaw/gateway/middleware/auth.go:178.78,181.9 2 38
safepaw/gateway/middleware/auth.go:181.9,183.3 1 15
safepaw/gateway/middleware/auth.go:186.2,187.16 2 23
safepaw/gateway/middleware/auth.go:187.16,189.3 1 0
safepaw/gateway/middleware/auth.go:191.2,192.16 2 23
safepaw/gateway/middleware/auth.go:192.16,194.3 1 2
safepaw/gateway/middleware/auth.go:198.2,199.40 2 21
safepaw/gateway/middleware/auth.go:199.40,201.3 1 1
safepaw/gateway/middleware/auth.go:204.2,205.62 2 20
safepaw/gateway/middleware/auth.go:205.62,207.3 1 0
safepaw/gateway/middleware/auth.go:210.2,210.65 1 20
safepaw/gateway/middleware/auth.go:210.65,214.3 1 1
safepaw/gateway/middleware/auth.go:217.2,217.22 1 19
safepaw/gateway/middleware/auth.go:217.22,219.3 1 0
safepaw/gateway/middleware/auth.go:220.2,220.24 1 19
safepaw/gateway/middleware/auth.go:220.24,222.3 1 0
safepaw/gateway/middleware/auth.go:224.2,224.21 1 19
safepaw/gateway/middleware/auth.go:232.50,236.2 3 42
safepaw/gateway/middleware/auth.go:254.123,256.2 1 11
safepaw/gateway/middleware/auth.go:262.156,263.71 1 18
safepaw/gateway/middleware/auth.go:263.71,265.58 1 27
safepaw/gateway/middleware/auth.go:265.58,268.4 2 0
safepaw/gateway/middleware/auth.go:270.3,274.18 4 27
safepaw/gateway/middleware/auth.go:274.18,277.20 2 3
safepaw/gateway/middleware/auth.go:277.20,279.5 1 2
safepaw/gateway/middleware/auth.go:280.4,281.10 2 3
safepaw/gateway/middleware/auth.go:284.3,285.17 2 24
safepaw/gateway/middleware/auth.go:285.17,287.20 2 11
safepaw/gateway/middleware/auth.go:287.20,289.5 1 10
safepaw/gateway/middleware/auth.go:290.4,291.10 2 11
safepaw/gateway/middleware/auth.go:294.3,294.25 1 13
safepaw/gateway/middleware/auth.go:294.25,295.81 1 4
safepaw/gateway/middleware/auth.go:295.81,298.21 2 3
safepaw/gateway/middleware/auth.go:298.21,300.6 1 2
safepaw/gateway/middleware/auth.go:301.5,303.11 2 3
safepaw/gateway/middleware/auth.go:307.3,307.86 1 10
safepaw/gateway/middleware/auth.go:307.86,310.20 2 3
safepaw/gateway/middleware/auth.go:310.20,312.5 1 0
safepaw/gateway/middleware/auth.go:313.4,315.10 2 3
safepaw/gateway/middleware/auth.go:319.3,319.19 1 7
safepaw/gateway/middleware/auth.go:319.19,321.4 1 2
safepaw/gateway/middleware/auth.go:323.3,329.23 4 7
safepaw/gateway/middleware/auth.go:336.72,337.71 1 2
safepaw/gateway/middleware/auth.go:337.71,339.18 2 2
safepaw/gateway/middleware/auth.go:339.18,341.18 2 1
safepaw/gateway/middleware/auth.go:341.18,345.5 1 1
safepaw/gateway/middleware/auth.go:345.10,349.5 2 0
safepaw/gateway/middleware/auth.go:351.3,351.23 1 2
safepaw/gateway/middleware/auth.go:363.43,365.54 1 29
safepaw/gateway/middleware/auth.go:365.54,367.3 1 1
safepaw/gateway/middleware/auth.go:370.2,371.56 2 28
safepaw/gateway/middleware/auth.go:371.56,373.3 1 24
safepaw/gateway/middleware/auth.go:375.2,375.11 1 4
safepaw/gateway/middleware/auth.go:379.68,381.34 2 38
safepaw/gateway/middleware/auth.go:381.34,382.22 1 16280
safepaw/gateway/middleware/auth.go:382.22,383.19 1 27
safepaw/gateway/middleware/auth.go:383.19,386.5 1 1
safepaw/gateway/middleware/auth.go:387.4,387.14 1 26
safepaw/gateway/middleware/auth.go:390.2,390.43 1 37
safepaw/gateway/middleware/auth.go:390.43,392.3 1 14
safepaw/gateway/middleware/auth.go:393.2,393.47 1 23
safepaw/gateway/middleware/auth.go:401.66,410.2 4 20
safepaw/gateway/middleware/bruteforce.go:53.80,62.12 2 16
safepaw/gateway/middleware/bruteforce.go:62.12,63.7 1 16
safepaw/gateway/middleware/bruteforce.go:63.7,64.11 1 16
safepaw/gateway/middleware/bruteforce.go:65.24,66.16 1 0
safepaw/gateway/middleware/bruteforce.go:67.20,68.11 1 16
safepaw/gateway/middleware/bruteforce.go:73.2,73.10 1 16
safepaw/gateway/middleware/bruteforce.go:78.65,83.13 4 29
safepaw/gateway/middleware/bruteforce.go:83.13,86.3 2 14
safepaw/gateway/middleware/bruteforce.go:88.2,91.34 3 29
safepaw/gateway/middleware/bruteforce.go:91.34,97.3 4 13
safepaw/gateway/middleware/bruteforce.go:99.2,99.14 1 16
safepaw/gateway/middleware/bruteforce.go:103.77,108.13 4 23
safepaw/gateway/middleware/bruteforce.go:108.13,110.3 1 8
safepaw/gateway/middleware/bruteforce.go:112.2,112.29 1 15
safepaw/gateway/middleware/bruteforce.go:112.29,114.3 1 4
safepaw/gateway/middleware/bruteforce.go:116.2,117.20 2 11
safepaw/gateway/middleware/bruteforce.go:117.20,119.3 1 0
safepaw/gateway/middleware/bruteforce.go:121.2,121.38 1 11
safepaw/gateway/middleware/bruteforce.go:125.44,129.2 3 3
safepaw/gateway/middleware/bruteforce.go:131.72,133.9 2 13
safepaw/gateway/middleware/bruteforce.go:134.17,135.19 1 13
safepaw/gateway/middleware/bruteforce.go:136.17,137.23 1 0
safepaw/gateway/middleware/bruteforce.go:138.17,139.24 1 0
safepaw/gateway/middleware/bruteforce.go:140.10,141.24 1 0
safepaw/gateway/middleware/bruteforce.go:145.37,150.35 4 0
safepaw/gateway/middleware/bruteforce.go:150.35,151.75 1 0
safepaw/gateway/middleware/bruteforce.go:151.75,153.4 1 0
safepaw/gateway/middleware/bruteforce.go:158.34,161.2 2 16
safepaw/gateway/middleware/bruteforce.go:164.43,170.34 5 1
safepaw/gateway/middleware/bruteforce.go:170.34,171.31 1 2
safepaw/gateway/middleware/bruteforce.go:171.31,173.21 2 2
safepaw/gateway/middleware/bruteforce.go:173.21,175.5 1 2
safepaw/gateway/middleware/bruteforce.go:178.2,178.14 1 1
safepaw/gateway/middleware/bruteforce.go:183.83,184.71 1 5
safepaw/gateway/middleware/bruteforce.go:184.71,188.13 3 10
safepaw/gateway/middleware/bruteforce.go:188.13,194.4 4 3
safepaw/gateway/middleware/bruteforce.go:196.3,196.23 1 7
safepaw/gateway/middleware/metrics.go:57.49,61.2 1 4
safepaw/gateway/middleware/metrics.go:63.65,68.32 5 4
safepaw/gateway/middleware/metrics.go:68.32,69.23 1 44
safepaw/gateway/middleware/metrics.go:69.23,71.4 1 40
safepaw/gateway/middleware/metrics.go:76.28,84.2 1 3
safepaw/gateway/middleware/metrics.go:86.64,90.8 4 8
safepaw/gateway/middleware/metrics.go:90.8,93.3 2 1
safepaw/gateway/middleware/metrics.go:94.2,95.30 2 7
safepaw/gateway/middleware/metrics.go:95.30,99.3 3 0
safepaw/gateway/middleware/metrics.go:100.2,102.15 3 7
safepaw/gateway/middleware/metrics.go:106.97,115.9 8 4
safepaw/gateway/middleware/metrics.go:115.9,117.39 2 4
safepaw/gateway/middleware/metrics.go:117.39,120.4 2 4
safepaw/gateway/middleware/metrics.go:121.3,121.16 1 4
safepaw/gateway/middleware/metrics.go:123.2,123.50 1 4
safepaw/gateway/middleware/metrics.go:127.48,129.2 1 3
safepaw/gateway/middleware/metrics.go:132.38,134.2 1 1
safepaw/gateway/middleware/metrics.go:137.39,139.2 1 1
safepaw/gateway/middleware/metrics.go:142.52,144.2 1 1
safepaw/gateway/middleware/metrics.go:147.35,147.73 1 3
safepaw/gateway/middleware/metrics.go:150.38,150.77 1 2
safepaw/gateway/middleware/metrics.go:153.42,154.71 1 3
safepaw/gateway/middleware/metrics.go:154.71,163.26 7 3
safepaw/gateway/middleware/metrics.go:163.26,165.23 2 4
safepaw/gateway/middleware/metrics.go:165.23,169.5 2 4
safepaw/gateway/middleware/metrics.go:171.3,177.53 5 3
safepaw/gateway/middleware/metrics.go:177.53,180.4 2 2
safepaw/gateway/middleware/metrics.go:181.3,197.48 11 3
safepaw/gateway/middleware/metrics.go:197.48,200.4 2 1
safepaw/gateway/middleware/metrics.go:201.3,213.30 9 3
safepaw/gateway/middleware/metrics.go:213.30,215.4 1 4
safepaw/gateway/middleware/metrics.go:216.3,217.29 2 3
safepaw/gateway/middleware/metrics.go:217.29,220.23 3 4
safepaw/gateway/middleware/metrics.go:220.23,221.13 1 0
safepaw/gateway/middleware/metrics.go:223.4,225.44 3 4
safepaw/gateway/middleware/metrics.go:225.44,228.5 1 44
safepaw/gateway/middleware/metrics.go:229.4,235.17 4 4
safepaw/gateway/middleware/metrics.go:237.3,239.30 2 3
safepaw/gateway/middleware/metrics.go:244.68,245.71 1 1
safepaw/gateway/middleware/metrics.go:245.71,252.3 6 1
safepaw/gateway/middleware/metrics.go:261.47,262.15 1 1
safepaw/gateway/middleware/metrics.go:262.15,265.3 2 1
safepaw/gateway/middleware/metrics.go:266.2,266.37 1 1
safepaw/gateway/middleware/metrics.go:270.37,271.33 1 9
safepaw/gateway/middleware/metrics.go:271.33,273.3 1 4
safepaw/gateway/middleware/metrics.go:274.2,274.37 1 5
safepaw/gateway/middleware/metrics.go:274.37,276.3 1 1
safepaw/gateway/middleware/metrics.go:277.2,277.10 1 4
safepaw/gateway/middleware/metrics.go:280.47,282.19 2 9
safepaw/gateway/middleware/metrics.go:282.19,284.3 1 7
safepaw/gateway/middleware/metrics.go:285.2,286.13 2 9
safepaw/gateway/middleware/output_scanner.go:42.37,43.11 1 14
safepaw/gateway/middleware/output_scanner.go:44.22,45.16 1 6
safepaw/gateway/middleware/output_scanner.go:46.21,47.15 1 1
safepaw/gateway/middleware/output_scanner.go:48.24,49.18 1 1
safepaw/gateway/middleware/output_scanner.go:50.22,51.16 1 6
safepaw/gateway/middleware/output_scanner.go:52.10,53.19 1 0
safepaw/gateway/middleware/output_scanner.go:77.56,81.35 3 20
safepaw/gateway/middleware/output_scanner.go:81.35,82.37 1 140
safepaw/gateway/middleware/output_scanner.go:82.37,83.24 1 10
safepaw/gateway/middleware/output_scanner.go:83.24,85.5 1 10
safepaw/gateway/middleware/output_scanner.go:86.4,86.41 1 10
safepaw/gateway/middleware/output_scanner.go:90.2,90.27 1 20
safepaw/gateway/middleware/output_scanner.go:94.44,100.2 5 9
safepaw/gateway/middleware/output_scanner.go:109.71,110.71 1 3
safepaw/gateway/middleware/output_scanner.go:110.71,119.23 3 3
safepaw/gateway/middleware/output_scanner.go:119.23,121.4 1 1
safepaw/gateway/middleware/output_scanner.go:123.3,126.28 3 2
safepaw/gateway/middleware/output_scanner.go:126.28,129.4 1 1
safepaw/gateway/middleware/output_scanner.go:131.3,131.29 1 2
safepaw/gateway/middleware/output_scanner.go:131.29,135.4 2 1
safepaw/gateway/middleware/output_scanner.go:137.3,138.24 2 2
safepaw/gateway/middleware/output_scanner.go:138.24,140.4 1 2
safepaw/gateway/middleware/output_scanner.go:141.3,141.24 1 2
safepaw/gateway/middleware/output_scanner.go:155.48,159.23 3 3
safepaw/gateway/middleware/output_scanner.go:159.23,163.3 3 1
safepaw/gateway/middleware/output_scanner.go:166.55,167.24 1 3
safepaw/gateway/middleware/output_scanner.go:167.24,169.3 1 0
safepaw/gateway/middleware/output_scanner.go:171.2,171.20 1 3
safepaw/gateway/middleware/output_scanner.go:171.20,173.3 1 1
safepaw/gateway/middleware/output_scanner.go:175.2,175.52 1 2
safepaw/gateway/middleware/output_scanner.go:175.52,178.24 2 0
safepaw/gateway/middleware/output_scanner.go:178.24,181.4 2 0
safepaw/gateway/middleware/output_scanner.go:182.3,182.23 1 0
safepaw/gateway/middleware/output_scanner.go:182.23,185.4 2 0
safepaw/gateway/middleware/output_scanner.go:186.3,186.36 1 0
safepaw/gateway/middleware/output_scanner.go:189.2,189.24 1 2
safepaw/gateway/middleware/output_scanner.go:192.45,197.2 2 3
safepaw/gateway/middleware/output_scanner.go:199.44,201.2 1 3
safepaw/gateway/middleware/output_scanner.go:212.78,214.2 1 2
safepaw/gateway/middleware/output_scanner.go:216.55,218.11 2 4
safepaw/gateway/middleware/output_scanner.go:218.11,221.28 3 2
safepaw/gateway/middleware/output_scanner.go:221.28,224.4 1 1
safepaw/gateway/middleware/output_scanner.go:225.3,225.29 1 2
safepaw/gateway/middleware/output_scanner.go:225.29,228.26 3 1
safepaw/gateway/middleware/output_scanner.go:228.26,230.5 1 0
safepaw/gateway/middleware/output_scanner.go:233.2,233.15 1 4
safepaw/gateway/middleware/redis.go:44.57,45.16 1 0
safepaw/gateway/middleware/redis.go:45.16,47.3 1 0
safepaw/gateway/middleware/redis.go:48.2,49.37 2 0
safepaw/gateway/middleware/redis.go:49.37,51.3 1 0
safepaw/gateway/middleware/redis.go:52.2,52.11 1 0
safepaw/gateway/middleware/redis.go:55.40,57.16 2 0
safepaw/gateway/middleware/redis.go:57.16,59.3 1 0
safepaw/gateway/middleware/redis.go:60.2,63.23 3 0
safepaw/gateway/middleware/redis.go:63.23,64.35 1 0
safepaw/gateway/middleware/redis.go:64.35,68.4 3 0
safepaw/gateway/middleware/redis.go:70.2,70.12 1 0
safepaw/gateway/middleware/redis.go:73.37,75.2 1 0
safepaw/gateway/middleware/redis.go:77.58,78.20 1 0
safepaw/gateway/middleware/redis.go:78.20,79.38 1 0
safepaw/gateway/middleware/redis.go:79.38,81.4 1 0
safepaw/gateway/middleware/redis.go:84.2,88.27 4 0
safepaw/gateway/middleware/redis.go:88.27,90.3 1 0
safepaw/gateway/middleware/redis.go:92.2,93.12 2 0
safepaw/gateway/middleware/redis.go:96.51,99.16 3 0
safepaw/gateway/middleware/redis.go:99.16,101.3 1 0
safepaw/gateway/middleware/redis.go:102.2,102.45 1 0
safepaw/gateway/middleware/redis.go:105.55,107.16 2 0
safepaw/gateway/middleware/redis.go:107.16,109.3 1 0
safepaw/gateway/middleware/redis.go:111.2,111.20 1 0
safepaw/gateway/middleware/redis.go:111.20,113.3 1 0
safepaw/gateway/middleware/redis.go:115.2,115.17 1 0
safepaw/gateway/middleware/redis.go:116.11,117.23 1 0
safepaw/gateway/middleware/redis.go:118.11,119.47 1 0
safepaw/gateway/middleware/redis.go:120.11,121.23 1 0
safepaw/gateway/middleware/redis.go:122.11,124.17 2 0
safepaw/gateway/middleware/redis.go:124.17,126.4 1 0
safepaw/gateway/middleware/redis.go:127.3,127.14 1 0
safepaw/gateway/middleware/redis.go:127.14,129.4 1 0
safepaw/gateway/middleware/redis.go:130.3,133.17 4 0
safepaw/gateway/middleware/redis.go:133.17,135.24 2 0
safepaw/gateway/middleware/redis.go:135.24,139.19 4 0
safepaw/gateway/middleware/redis.go:139.19,141.6 1 0
safepaw/gateway/middleware/redis.go:143.4,143.32 1 0
safepaw/gateway/middleware/redis.go:145.3,145.30 1 0
safepaw/gateway/middleware/redis.go:146.11,148.17 2 0
safepaw/gateway/middleware/redis.go:148.17,150.4 1 0
safepaw/gateway/middleware/redis.go:151.3,151.13 1 0
safepaw/gateway/middleware/redis.go:151.13,153.4 1 0
safepaw/gateway/middleware/redis.go:154.3,154.26 1 0
safepaw/gateway/middleware/redis.go:154.26,155.47 1 0
safepaw/gateway/middleware/redis.go:155.47,157.5 1 0
safepaw/gateway/middleware/redis.go:159.3,159.30 1 0
safepaw/gateway/middleware/redis.go:160.10,161.19 1 0
safepaw/gateway/middleware/redis.go:165.74,166.20 1 0
safepaw/gateway/middleware/redis.go:166.20,169.3 2 0
safepaw/gateway/middleware/redis.go:170.2,170.37 1 0
safepaw/gateway/middleware/redis.go:170.37,172.3 1 0
safepaw/gateway/middleware/redis.go:173.2,173.48 1 0
safepaw/gateway/middleware/redis.go:173.48,175.3 1 0
safepaw/gateway/middleware/redis.go:176.2,176.26 1 0
safepaw/gateway/middleware/redis.go:180.59,184.48 3 0
safepaw/gateway/middleware/redis.go:184.48,186.3 1 0
safepaw/gateway/middleware/redis.go:188.2,189.16 2 0
safepaw/gateway/middleware/redis.go:189.16,191.3 1 0
safepaw/gateway/middleware/redis.go:192.2,192.18 1 0
safepaw/gateway/middleware/redis.go:196.72,197.13 1 0
safepaw/gateway/middleware/redis.go:197.13,200.3 2 0
safepaw/gateway/middleware/redis.go:201.2,202.12 2 0
safepaw/gateway/middleware/redis.go:206.56,208.2 1 0
safepaw/gateway/middleware/redis.go:211.46,214.2 2 0
safepaw/gateway/middleware/redis.go:217.32,220.20 3 0
safepaw/gateway/middleware/redis.go:220.20,223.3 2 0
safepaw/gateway/middleware/revocation.go:65.62,67.2 1 6
safepaw/gateway/middleware/revocation.go:71.91,78.12 2 7
safepaw/gateway/middleware/revocation.go:78.12,79.27 1 7
safepaw/gateway/middleware/revocation.go:79.27,81.4 1 0
safepaw/gateway/middleware/revocation.go:84.2,84.18 1 7
safepaw/gateway/middleware/revocation.go:84.18,86.3 1 0
safepaw/gateway/middleware/revocation.go:86.8,88.3 1 7
safepaw/gateway/middleware/revocation.go:90.2,90.11 1 7
safepaw/gateway/middleware/revocation.go:94.58,100.45 5 8
safepaw/gateway/middleware/revocation.go:100.45,102.3 1 0
safepaw/gateway/middleware/revocation.go:104.2,112.21 4 8
safepaw/gateway/middleware/revocation.go:112.21,114.87 2 0
safepaw/gateway/middleware/revocation.go:114.87,116.4 1 0
safepaw/gateway/middleware/revocation.go:122.84,127.12 4 10
safepaw/gateway/middleware/revocation.go:127.12,128.41 1 7
safepaw/gateway/middleware/revocation.go:128.41,130.4 1 5
safepaw/gateway/middleware/revocation.go:131.3,131.19 1 2
safepaw/gateway/middleware/revocation.go:134.2,134.21 1 3
safepaw/gateway/middleware/revocation.go:134.21,135.67 1 0
safepaw/gateway/middleware/revocation.go:135.67,137.4 1 0
safepaw/gateway/middleware/revocation.go:140.2,140.18 1 3
safepaw/gateway/middleware/revocation.go:143.85,145.29 2 0
safepaw/gateway/middleware/revocation.go:145.29,147.3 1 0
safepaw/gateway/middleware/revocation.go:149.2,150.21 2 0
safepaw/gateway/middleware/revocation.go:150.21,152.3 1 0
safepaw/gateway/middleware/revocation.go:154.2,155.16 2 0
safepaw/gateway/middleware/revocation.go:155.16,157.3 1 0
safepaw/gateway/middleware/revocation.go:159.2,170.27 5 0
safepaw/gateway/middleware/revocation.go:170.27,172.3 1 0
safepaw/gateway/middleware/revocation.go:173.2,173.18 1 0
safepaw/gateway/middleware/revocation.go:177.39,181.2 3 2
safepaw/gateway/middleware/revocation.go:183.37,188.37 4 0
safepaw/gateway/middleware/revocation.go:188.37,189.33 1 0
safepaw/gateway/middleware/revocation.go:189.33,192.4 2 0
safepaw/gateway/middleware/revocation.go:197.34,199.21 2 7
safepaw/gateway/middleware/revocation.go:199.21,201.3 1 0
safepaw/gateway/middleware/sanitize.go:72.44,74.17 2 8
safepaw/gateway/middleware/sanitize.go:74.17,76.3 1 1
safepaw/gateway/middleware/sanitize.go:77.2,77.32 1 7
safepaw/gateway/middleware/sanitize.go:77.32,79.3 1 4
safepaw/gateway/middleware/sanitize.go:80.2,81.15 2 3
safepaw/gateway/middleware/sanitize.go:94.48,96.14 2 13
safepaw/gateway/middleware/sanitize.go:96.14,98.3 1 2
safepaw/gateway/middleware/sanitize.go:101.2,101.91 1 11
safepaw/gateway/middleware/sanitize.go:101.91,104.3 2 7
safepaw/gateway/middleware/sanitize.go:106.2,106.37 1 4
safepaw/gateway/middleware/sanitize.go:106.37,109.3 2 1
safepaw/gateway/middleware/sanitize.go:111.2,111.17 1 3
safepaw/gateway/middleware/sanitize.go:132.65,133.17 1 2
safepaw/gateway/middleware/sanitize.go:133.17,135.3 1 1
safepaw/gateway/middleware/sanitize.go:137.2,140.25 3 1
safepaw/gateway/middleware/sanitize.go:140.25,141.31 1 5
safepaw/gateway/middleware/sanitize.go:141.31,143.9 2 0
safepaw/gateway/middleware/sanitize.go:147.3,148.33 2 5
safepaw/gateway/middleware/sanitize.go:148.33,150.4 1 0
safepaw/gateway/middleware/sanitize.go:151.3,151.14 1 5
safepaw/gateway/middleware/sanitize.go:151.14,152.12 1 0
safepaw/gateway/middleware/sanitize.go:156.3,162.42 2 5
safepaw/gateway/middleware/sanitize.go:162.42,164.12 2 3
safepaw/gateway/middleware/sanitize.go:168.3,169.35 2 2
safepaw/gateway/middleware/sanitize.go:169.35,171.4 1 0
safepaw/gateway/middleware/sanitize.go:173.3,174.10 2 2
safepaw/gateway/middleware/sanitize.go:177.2,177.14 1 1
safepaw/gateway/middleware/sanitize.go:190.39,199.2 3 12
safepaw/gateway/middleware/sanitize.go:218.42,225.19 5 12
safepaw/gateway/middleware/sanitize.go:225.19,227.3 1 9
safepaw/gateway/middleware/sanitize.go:229.2,229.10 1 12
safepaw/gateway/middleware/sanitize.go:246.46,247.11 1 51
safepaw/gateway/middleware/sanitize.go:248.16,249.16 1 7
safepaw/gateway/middleware/sanitize.go:250.15,251.15 1 4
safepaw/gateway/middleware/sanitize.go:252.18,253.18 1 9
safepaw/gateway/middleware/sanitize.go:254.16,255.16 1 31
safepaw/gateway/middleware/sanitize.go:256.10,257.19 1 0
safepaw/gateway/middleware/sanitize.go:330.80,334.44 3 56
safepaw/gateway/middleware/sanitize.go:334.44,335.37 1 728
safepaw/gateway/middleware/sanitize.go:335.37,336.24 1 45
safepaw/gateway/middleware/sanitize.go:336.24,338.5 1 38
safepaw/gateway/middleware/sanitize.go:339.4,339.41 1 45
safepaw/gateway/middleware/sanitize.go:343.2,343.24 1 56
safepaw/gateway/middleware/sanitize.go:343.24,346.3 1 38
safepaw/gateway/middleware/sanitize.go:348.2,348.27 1 56
safepaw/gateway/middleware/sanitize.go:360.41,362.14 2 3
safepaw/gateway/middleware/sanitize.go:362.14,364.3 1 1
safepaw/gateway/middleware/sanitize.go:365.2,365.38 1 2
safepaw/gateway/middleware/sanitize.go:365.38,368.3 2 1
safepaw/gateway/middleware/sanitize.go:369.2,369.11 1 1
safepaw/gateway/middleware/sanitize.go:373.46,375.13 2 0
safepaw/gateway/middleware/sanitize.go:375.13,377.3 1 0
safepaw/gateway/middleware/sanitize.go:378.2,379.22 2 0
safepaw/gateway/middleware/sanitize.go:379.22,380.72 1 0
safepaw/gateway/middleware/sanitize.go:380.72,382.4 1 0
safepaw/gateway/middleware/sanitize.go:384.2,384.21 1 0
safepaw/gateway/middleware/sanitize.go:384.21,386.3 1 0
safepaw/gateway/middleware/sanitize.go:387.2,387.21 1 0
safepaw/gateway/middleware/sanitize.go:387.21,389.3 1 0
safepaw/gateway/middleware/sanitize.go:390.2,390.22 1 0
safepaw/gateway/middleware/sanitize.go:400.41,403.22 3 26
safepaw/gateway/middleware/sanitize.go:403.22,404.42 1 18317
safepaw/gateway/middleware/sanitize.go:404.42,406.12 2 4
safepaw/gateway/middleware/sanitize.go:408.3,408.27 1 18313
safepaw/gateway/middleware/sanitize.go:408.27,409.12 1 10005
safepaw/gateway/middleware/sanitize.go:411.3,411.17 1 8308
safepaw/gateway/middleware/sanitize.go:413.2,413.19 1 26
safepaw/gateway/middleware/sanitize.go:418.50,419.22 1 2
safepaw/gateway/middleware/sanitize.go:419.22,421.3 1 1
safepaw/gateway/middleware/sanitize.go:422.2,422.38 1 1
safepaw/gateway/middleware/security.go:36.54,37.71 1 1
safepaw/gateway/middleware/security.go:37.71,66.3 10 1
safepaw/gateway/middleware/security.go:75.75,78.35 2 5
safepaw/gateway/middleware/security.go:78.35,80.3 1 3
safepaw/gateway/middleware/security.go:82.2,82.71 1 5
safepaw/gateway/middleware/security.go:82.71,86.24 2 5
safepaw/gateway/middleware/security.go:86.24,87.20 1 2
safepaw/gateway/middleware/security.go:87.20,91.5 2 1
safepaw/gateway/middleware/security.go:93.4,95.10 3 1
safepaw/gateway/middleware/security.go:99.3,99.39 1 3
safepaw/gateway/middleware/security.go:99.39,103.4 3 1
safepaw/gateway/middleware/security.go:105.3,105.23 1 2
safepaw/gateway/middleware/security.go:131.67,140.12 2 7
safepaw/gateway/middleware/security.go:140.12,141.27 1 7
safepaw/gateway/middleware/security.go:141.27,143.4 1 0
safepaw/gateway/middleware/security.go:146.2,146.11 1 7
safepaw/gateway/middleware/security.go:150.46,157.50 5 24
safepaw/gateway/middleware/security.go:157.50,162.3 3 8
safepaw/gateway/middleware/security.go:164.2,164.27 1 16
safepaw/gateway/middleware/security.go:164.27,167.3 2 6
safepaw/gateway/middleware/security.go:169.2,172.13 4 10
safepaw/gateway/middleware/security.go:175.34,180.34 4 0
safepaw/gateway/middleware/security.go:180.34,181.40 1 0
safepaw/gateway/middleware/security.go:181.40,183.4 1 0
safepaw/gateway/middleware/security.go:188.31,190.2 1 7
safepaw/gateway/middleware/security.go:193.65,195.2 1 1
safepaw/gateway/middleware/security.go:200.98,201.71 1 4
safepaw/gateway/middleware/security.go:201.71,203.20 2 11
safepaw/gateway/middleware/security.go:203.20,205.20 2 4
safepaw/gateway/middleware/security.go:205.20,207.5 1 3
safepaw/gateway/middleware/security.go:208.4,209.10 2 4
safepaw/gateway/middleware/security.go:211.3,211.23 1 7
safepaw/gateway/middleware/security.go:222.48,223.71 1 2
safepaw/gateway/middleware/security.go:223.71,228.3 4 2
safepaw/gateway/middleware/security.go:238.55,239.71 1 2
safepaw/gateway/middleware/security.go:239.71,243.3 3 2
safepaw/gateway/middleware/security.go:253.40,256.16 2 52
safepaw/gateway/middleware/security.go:256.16,258.3 1 0
safepaw/gateway/middleware/security.go:260.2,260.22 1 52
safepaw/gateway/middleware/security.go:260.22,261.48 1 1
safepaw/gateway/middleware/security.go:261.48,263.4 1 1
safepaw/gateway/middleware/security.go:266.2,266.13 1 51
safepaw/gateway/middleware/security.go:270.33,272.19 2 52
safepaw/gateway/middleware/security.go:272.19,274.3 1 0
safepaw/gateway/middleware/security.go:275.2,275.28 1 52
safepaw/gateway/middleware/security.go:282.40,283.39 1 24
safepaw/gateway/middleware/security.go:283.39,284.28 1 187
safepaw/gateway/middleware/security.go:284.28,286.4 1 5
safepaw/gateway/middleware/security.go:287.3,287.11 1 182
safepaw/gateway/middleware/slog.go:47.35,48.11 1 11
safepaw/gateway/middleware/slog.go:49.18,50.17 1 1
safepaw/gateway/middleware/slog.go:51.17,52.16 1 5
safepaw/gateway/middleware/slog.go:53.17,54.16 1 3
safepaw/gateway/middleware/slog.go:55.18,56.17 1 1
safepaw/gateway/middleware/slog.go:57.10,58.19 1 1
safepaw/gateway/middleware/slog.go:91.31,92.57 1 0
safepaw/gateway/middleware/slog.go:92.57,94.3 1 0
safepaw/gateway/middleware/slog.go:95.2,97.13 3 0
safepaw/gateway/middleware/slog.go:106.54,108.16 2 3
safepaw/gateway/middleware/slog.go:108.16,110.3 1 1
safepaw/gateway/middleware/slog.go:112.2,119.62 6 2
safepaw/gateway/middleware/slog.go:119.62,122.3 2 1
safepaw/gateway/middleware/slog.go:124.2,124.21 1 2
safepaw/gateway/middleware/slog.go:124.21,126.3 1 1
safepaw/gateway/middleware/slog.go:128.2,133.21 5 2
safepaw/gateway/middleware/slog.go:133.21,135.3 1 1
safepaw/gateway/middleware/slog.go:137.2,143.20 6 2
safepaw/gateway/middleware/slog.go:146.49,147.48 1 11
safepaw/gateway/middleware/slog.go:147.48,148.25 1 8
safepaw/gateway/middleware/slog.go:148.25,149.36 1 5
safepaw/gateway/middleware/slog.go:149.36,150.34 1 18
safepaw/gateway/middleware/slog.go:150.34,152.6 1 3
safepaw/gateway/middleware/slog.go:155.3,155.15 1 5
safepaw/gateway/middleware/slog.go:157.2,157.34 1 3
safepaw/gateway/middleware/slog.go:157.34,158.32 1 16
safepaw/gateway/middleware/slog.go:158.32,160.4 1 1
safepaw/gateway/middleware/slog.go:162.2,162.18 1 2
safepaw/gateway/middleware/slog.go:165.46,167.23 2 8
safepaw/gateway/middleware/slog.go:167.23,169.3 1 3
safepaw/gateway/middleware/slog.go:170.2,171.28 2 5
safepaw/gateway/middleware/slog.go:171.28,172.18 1 10009
safepaw/gateway/middleware/slog.go:172.18,176.4 3 10009
safepaw/gateway/middleware/slog.go:178.2,178.15 1 5
safepaw/gateway/middleware/slog.go:181.34,183.13 2 5
safepaw/gateway/middleware/slog.go:183.13,185.3 1 2
safepaw/gateway/middleware/slog.go:186.2,186.12 1 3
safepaw/gateway/middleware/slog.go:209.45,211.2 1 11
safepaw/gateway/middleware/slog.go:217.26,218.23 1 0
safepaw/gateway/middleware/slog.go:218.23,225.3 2 0
safepaw/gateway/middleware/slog.go:226.2,226.22 1 0
safepaw/gateway/middleware/slog.go:230.58,237.2 1 1
safepaw/gateway/middleware/slog.go:239.72,240.24 1 8
safepaw/gateway/middleware/slog.go:240.24,242.3 1 2
safepaw/gateway/middleware/slog.go:243.2,245.16 3 6
safepaw/gateway/middleware/slog.go:245.16,247.3 1 4
safepaw/gateway/middleware/slog.go:247.8,249.3 1 2
safepaw/gateway/middleware/slog.go:252.72,257.23 5 4
safepaw/gateway/middleware/slog.go:257.23,259.3 1 3
safepaw/gateway/middleware/slog.go:260.2,261.27 2 4
safepaw/gateway/middleware/slog.go:261.27,263.3 1 10
safepaw/gateway/middleware/slog.go:264.2,266.34 3 4
safepaw/gateway/middleware/slog.go:269.72,271.23 2 2
safepaw/gateway/middleware/slog.go:271.23,273.3 1 1
safepaw/gateway/middleware/slog.go:274.2,275.27 2 2
safepaw/gateway/middleware/slog.go:275.27,277.3 1 1
safepaw/gateway/middleware/slog.go:278.2,279.40 2 2
safepaw/gateway/middleware/slog.go:283.52,283.93 1 3
safepaw/gateway/middleware/slog.go:286.52,286.93 1 2
safepaw/gateway/middleware/slog.go:289.53,289.95 1 0
safepaw/gateway/middleware/slog.go:292.53,292.95 1 1
safepaw/gateway/middleware/slog.go:295.71,300.2 4 1
safepaw/gateway/middleware/slog.go:303.78,308.2 4 1
